<?xml version="1.0" encoding="UTF-8"?>
<testng-results ignored="0" total="1" passed="1" failed="0" skipped="0">
  <reporter-output>
  </reporter-output>
  <suite started-at="2024-03-20T17:31:29 IST" name="Default suite" finished-at="2024-03-20T17:31:33 IST" duration-ms="4492">
    <groups>
    </groups>
    <test started-at="2024-03-20T17:31:29 IST" name="Default test" finished-at="2024-03-20T17:31:33 IST" duration-ms="4492">
      <class name="rahulshettyacademy.ExtentReportsDemo.ExtentReportsdemo">
        <test-method is-config="true" signature="config()[pri:0, instance:rahulshettyacademy.ExtentReportsDemo.ExtentReportsdemo@33065d67]" started-at="2024-03-20T17:31:29 IST" name="config" finished-at="2024-03-20T17:31:29 IST" duration-ms="269" status="PASS">
          <reporter-output>
          </reporter-output>
        </test-method> <!-- config -->
        <test-method signature="initialDemo()[pri:0, instance:rahulshettyacademy.ExtentReportsDemo.ExtentReportsdemo@33065d67]" started-at="2024-03-20T17:31:29 IST" name="initialDemo" finished-at="2024-03-20T17:31:33 IST" duration-ms="4175" status="PASS">
          <reporter-output>
          </reporter-output>
        </test-method> <!-- initialDemo -->
      </class> <!-- rahulshettyacademy.ExtentReportsDemo.ExtentReportsdemo -->
    </test> <!-- Default test -->
  </suite> <!-- Default suite -->
</testng-results>
